[11:22:48] [ServerMain/INFO]: Environment: Environment[accountsHost=https://api.mojang.com, sessionHost=https://sessionserver.mojang.com, servicesHost=https://api.minecraftservices.com, name=PROD]
[11:22:52] [ServerMain/INFO]: Loaded 7 recipes
[11:22:53] [Server thread/INFO]: Starting minecraft server version 1.20.2
[11:22:53] [Server thread/INFO]: Loading properties
[11:22:54] [Server thread/INFO]: This server is running CraftBukkit version 3950-Spigot-2888990-d485cde (MC: 1.20.2) (Implementing API version 1.20.2-R0.1-SNAPSHOT)
[11:22:55] [Server thread/INFO]: Debug logging is disabled
[11:22:55] [Server thread/INFO]: Server Ping Player Sample Count: 12
[11:22:55] [Server thread/INFO]: Using 4 threads for Netty based IO
[11:22:55] [Server thread/INFO]: Default game type: SURVIVAL
[11:22:55] [Server thread/INFO]: Generating keypair
[11:22:55] [Server thread/INFO]: Starting Minecraft server on *:25565
[11:22:55] [Server thread/INFO]: Using default channel type
[11:22:55] [Server thread/INFO]: [exit_game] Loading exit_game v1
[11:22:55] [Server thread/INFO]: Preparing level "world"
[11:22:56] [Server thread/INFO]: -------- World Settings For [world] --------
[11:22:56] [Server thread/INFO]: Item Merge Radius: 2.5
[11:22:56] [Server thread/INFO]: Item Despawn Rate: 6000
[11:22:56] [Server thread/INFO]: View Distance: 10
[11:22:56] [Server thread/INFO]: Simulation Distance: 10
[11:22:56] [Server thread/INFO]: Allow Zombie Pigmen to spawn from portal blocks: true
[11:22:56] [Server thread/INFO]: Arrow Despawn Rate: 1200 Trident Respawn Rate:1200
[11:22:56] [Server thread/INFO]: Zombie Aggressive Towards Villager: true
[11:22:56] [Server thread/INFO]: Nerfing mobs spawned from spawners: false
[11:22:56] [Server thread/INFO]: Experience Merge Radius: 3.0
[11:22:56] [Server thread/INFO]: Mob Spawn Range: 6
[11:22:56] [Server thread/INFO]: Entity Activation Range: An 32 / Mo 32 / Ra 48 / Mi 16 / Tiv true / Isa false
[11:22:56] [Server thread/INFO]: Cactus Growth Modifier: 100%
[11:22:56] [Server thread/INFO]: Cane Growth Modifier: 100%
[11:22:56] [Server thread/INFO]: Melon Growth Modifier: 100%
[11:22:56] [Server thread/INFO]: Mushroom Growth Modifier: 100%
[11:22:56] [Server thread/INFO]: Pumpkin Growth Modifier: 100%
[11:22:56] [Server thread/INFO]: Sapling Growth Modifier: 100%
[11:22:56] [Server thread/INFO]: Beetroot Growth Modifier: 100%
[11:22:56] [Server thread/INFO]: Carrot Growth Modifier: 100%
[11:22:56] [Server thread/INFO]: Potato Growth Modifier: 100%
[11:22:56] [Server thread/INFO]: Wheat Growth Modifier: 100%
[11:22:56] [Server thread/INFO]: NetherWart Growth Modifier: 100%
[11:22:56] [Server thread/INFO]: Vine Growth Modifier: 100%
[11:22:56] [Server thread/INFO]: Cocoa Growth Modifier: 100%
[11:22:56] [Server thread/INFO]: Bamboo Growth Modifier: 100%
[11:22:56] [Server thread/INFO]: SweetBerry Growth Modifier: 100%
[11:22:56] [Server thread/INFO]: Kelp Growth Modifier: 100%
[11:22:56] [Server thread/INFO]: TwistingVines Growth Modifier: 100%
[11:22:56] [Server thread/INFO]: WeepingVines Growth Modifier: 100%
[11:22:56] [Server thread/INFO]: CaveVines Growth Modifier: 100%
[11:22:56] [Server thread/INFO]: Entity Tracking Range: Pl 48 / An 48 / Mo 48 / Mi 32 / Di 128 / Other 64
[11:22:56] [Server thread/INFO]: Hopper Transfer: 8 Hopper Check: 1 Hopper Amount: 1 Hopper Can Load Chunks: false
[11:22:56] [Server thread/INFO]: Custom Map Seeds:  Village: 10387312 Desert: 14357617 Igloo: 14357618 Jungle: 14357619 Swamp: 14357620 Monument: 10387313 Ocean: 14357621 Shipwreck: 165745295 End City: 10387313 Slime: 987234911 Nether: 30084232 Mansion: 10387319 Fossil: 14357921 Portal: 34222645
[11:22:56] [Server thread/INFO]: Max TNT Explosions: 100
[11:22:56] [Server thread/INFO]: Tile Max Tick Time: 50ms Entity max Tick Time: 50ms
[11:22:56] [Server thread/INFO]: -------- World Settings For [world_nether] --------
[11:22:56] [Server thread/INFO]: Item Merge Radius: 2.5
[11:22:56] [Server thread/INFO]: Item Despawn Rate: 6000
[11:22:56] [Server thread/INFO]: View Distance: 10
[11:22:56] [Server thread/INFO]: Simulation Distance: 10
[11:22:56] [Server thread/INFO]: Allow Zombie Pigmen to spawn from portal blocks: true
[11:22:56] [Server thread/INFO]: Arrow Despawn Rate: 1200 Trident Respawn Rate:1200
[11:22:56] [Server thread/INFO]: Zombie Aggressive Towards Villager: true
[11:22:56] [Server thread/INFO]: Nerfing mobs spawned from spawners: false
[11:22:56] [Server thread/INFO]: Experience Merge Radius: 3.0
[11:22:56] [Server thread/INFO]: Mob Spawn Range: 6
[11:22:56] [Server thread/INFO]: Entity Activation Range: An 32 / Mo 32 / Ra 48 / Mi 16 / Tiv true / Isa false
[11:22:56] [Server thread/INFO]: Cactus Growth Modifier: 100%
[11:22:56] [Server thread/INFO]: Cane Growth Modifier: 100%
[11:22:56] [Server thread/INFO]: Melon Growth Modifier: 100%
[11:22:56] [Server thread/INFO]: Mushroom Growth Modifier: 100%
[11:22:56] [Server thread/INFO]: Pumpkin Growth Modifier: 100%
[11:22:56] [Server thread/INFO]: Sapling Growth Modifier: 100%
[11:22:56] [Server thread/INFO]: Beetroot Growth Modifier: 100%
[11:22:56] [Server thread/INFO]: Carrot Growth Modifier: 100%
[11:22:56] [Server thread/INFO]: Potato Growth Modifier: 100%
[11:22:56] [Server thread/INFO]: Wheat Growth Modifier: 100%
[11:22:56] [Server thread/INFO]: NetherWart Growth Modifier: 100%
[11:22:56] [Server thread/INFO]: Vine Growth Modifier: 100%
[11:22:56] [Server thread/INFO]: Cocoa Growth Modifier: 100%
[11:22:56] [Server thread/INFO]: Bamboo Growth Modifier: 100%
[11:22:56] [Server thread/INFO]: SweetBerry Growth Modifier: 100%
[11:22:56] [Server thread/INFO]: Kelp Growth Modifier: 100%
[11:22:56] [Server thread/INFO]: TwistingVines Growth Modifier: 100%
[11:22:56] [Server thread/INFO]: WeepingVines Growth Modifier: 100%
[11:22:56] [Server thread/INFO]: CaveVines Growth Modifier: 100%
[11:22:56] [Server thread/INFO]: Entity Tracking Range: Pl 48 / An 48 / Mo 48 / Mi 32 / Di 128 / Other 64
[11:22:56] [Server thread/INFO]: Hopper Transfer: 8 Hopper Check: 1 Hopper Amount: 1 Hopper Can Load Chunks: false
[11:22:56] [Server thread/INFO]: Custom Map Seeds:  Village: 10387312 Desert: 14357617 Igloo: 14357618 Jungle: 14357619 Swamp: 14357620 Monument: 10387313 Ocean: 14357621 Shipwreck: 165745295 End City: 10387313 Slime: 987234911 Nether: 30084232 Mansion: 10387319 Fossil: 14357921 Portal: 34222645
[11:22:56] [Server thread/INFO]: Max TNT Explosions: 100
[11:22:56] [Server thread/INFO]: Tile Max Tick Time: 50ms Entity max Tick Time: 50ms
[11:22:58] [Server thread/INFO]: -------- World Settings For [world_the_end] --------
[11:22:58] [Server thread/INFO]: Item Merge Radius: 2.5
[11:22:58] [Server thread/INFO]: Item Despawn Rate: 6000
[11:22:58] [Server thread/INFO]: View Distance: 10
[11:22:58] [Server thread/INFO]: Simulation Distance: 10
[11:22:58] [Server thread/INFO]: Allow Zombie Pigmen to spawn from portal blocks: true
[11:22:58] [Server thread/INFO]: Arrow Despawn Rate: 1200 Trident Respawn Rate:1200
[11:22:58] [Server thread/INFO]: Zombie Aggressive Towards Villager: true
[11:22:58] [Server thread/INFO]: Nerfing mobs spawned from spawners: false
[11:22:58] [Server thread/INFO]: Experience Merge Radius: 3.0
[11:22:58] [Server thread/INFO]: Mob Spawn Range: 6
[11:22:58] [Server thread/INFO]: Entity Activation Range: An 32 / Mo 32 / Ra 48 / Mi 16 / Tiv true / Isa false
[11:22:58] [Server thread/INFO]: Cactus Growth Modifier: 100%
[11:22:58] [Server thread/INFO]: Cane Growth Modifier: 100%
[11:22:58] [Server thread/INFO]: Melon Growth Modifier: 100%
[11:22:58] [Server thread/INFO]: Mushroom Growth Modifier: 100%
[11:22:58] [Server thread/INFO]: Pumpkin Growth Modifier: 100%
[11:22:58] [Server thread/INFO]: Sapling Growth Modifier: 100%
[11:22:58] [Server thread/INFO]: Beetroot Growth Modifier: 100%
[11:22:58] [Server thread/INFO]: Carrot Growth Modifier: 100%
[11:22:58] [Server thread/INFO]: Potato Growth Modifier: 100%
[11:22:58] [Server thread/INFO]: Wheat Growth Modifier: 100%
[11:22:58] [Server thread/INFO]: NetherWart Growth Modifier: 100%
[11:22:58] [Server thread/INFO]: Vine Growth Modifier: 100%
[11:22:58] [Server thread/INFO]: Cocoa Growth Modifier: 100%
[11:22:58] [Server thread/INFO]: Bamboo Growth Modifier: 100%
[11:22:58] [Server thread/INFO]: SweetBerry Growth Modifier: 100%
[11:22:58] [Server thread/INFO]: Kelp Growth Modifier: 100%
[11:22:58] [Server thread/INFO]: TwistingVines Growth Modifier: 100%
[11:22:58] [Server thread/INFO]: WeepingVines Growth Modifier: 100%
[11:22:58] [Server thread/INFO]: CaveVines Growth Modifier: 100%
[11:22:58] [Server thread/INFO]: Entity Tracking Range: Pl 48 / An 48 / Mo 48 / Mi 32 / Di 128 / Other 64
[11:22:58] [Server thread/INFO]: Hopper Transfer: 8 Hopper Check: 1 Hopper Amount: 1 Hopper Can Load Chunks: false
[11:22:58] [Server thread/INFO]: Custom Map Seeds:  Village: 10387312 Desert: 14357617 Igloo: 14357618 Jungle: 14357619 Swamp: 14357620 Monument: 10387313 Ocean: 14357621 Shipwreck: 165745295 End City: 10387313 Slime: 987234911 Nether: 30084232 Mansion: 10387319 Fossil: 14357921 Portal: 34222645
[11:22:58] [Server thread/INFO]: Max TNT Explosions: 100
[11:22:58] [Server thread/INFO]: Tile Max Tick Time: 50ms Entity max Tick Time: 50ms
[11:22:58] [Server thread/INFO]: Preparing start region for dimension minecraft:overworld
[11:23:08] [Worker-Main-5/INFO]: Preparing spawn area: 0%
[11:23:08] [Worker-Main-5/INFO]: Preparing spawn area: 0%
[11:23:08] [Worker-Main-11/INFO]: Preparing spawn area: 0%
[11:23:08] [Worker-Main-3/INFO]: Preparing spawn area: 0%
[11:23:08] [Worker-Main-3/INFO]: Preparing spawn area: 0%
[11:23:08] [Worker-Main-3/INFO]: Preparing spawn area: 0%
[11:23:08] [Worker-Main-11/INFO]: Preparing spawn area: 0%
[11:23:08] [Worker-Main-11/INFO]: Preparing spawn area: 0%
[11:23:08] [Worker-Main-11/INFO]: Preparing spawn area: 0%
[11:23:08] [Worker-Main-2/INFO]: Preparing spawn area: 0%
[11:23:08] [Worker-Main-2/INFO]: Preparing spawn area: 0%
[11:23:08] [Worker-Main-2/INFO]: Preparing spawn area: 0%
[11:23:08] [Worker-Main-2/INFO]: Preparing spawn area: 0%
[11:23:08] [Worker-Main-2/INFO]: Preparing spawn area: 0%
[11:23:08] [Worker-Main-2/INFO]: Preparing spawn area: 0%
[11:23:08] [Worker-Main-3/INFO]: Preparing spawn area: 0%
[11:23:08] [Worker-Main-3/INFO]: Preparing spawn area: 0%
[11:23:08] [Worker-Main-3/INFO]: Preparing spawn area: 0%
[11:23:08] [Worker-Main-3/INFO]: Preparing spawn area: 0%
[11:23:08] [Worker-Main-3/INFO]: Preparing spawn area: 0%
[11:23:08] [Worker-Main-11/INFO]: Preparing spawn area: 0%
[11:23:09] [Worker-Main-3/INFO]: Preparing spawn area: 6%
[11:23:09] [Worker-Main-6/INFO]: Preparing spawn area: 49%
[11:23:10] [Worker-Main-10/INFO]: Preparing spawn area: 86%
[11:23:10] [Server thread/INFO]: Time elapsed: 11701 ms
[11:23:10] [Server thread/INFO]: Preparing start region for dimension minecraft:the_nether
[11:23:16] [Worker-Main-11/INFO]: Preparing spawn area: 0%
[11:23:16] [Worker-Main-8/INFO]: Preparing spawn area: 0%
[11:23:16] [Worker-Main-10/INFO]: Preparing spawn area: 0%
[11:23:16] [Worker-Main-8/INFO]: Preparing spawn area: 0%
[11:23:16] [Worker-Main-10/INFO]: Preparing spawn area: 0%
[11:23:16] [Worker-Main-10/INFO]: Preparing spawn area: 0%
[11:23:16] [Worker-Main-11/INFO]: Preparing spawn area: 0%
[11:23:16] [Worker-Main-11/INFO]: Preparing spawn area: 0%
[11:23:16] [Worker-Main-11/INFO]: Preparing spawn area: 0%
[11:23:16] [Worker-Main-11/INFO]: Preparing spawn area: 0%
[11:23:16] [Worker-Main-11/INFO]: Preparing spawn area: 0%
[11:23:16] [Worker-Main-11/INFO]: Preparing spawn area: 0%
[11:23:16] [Worker-Main-8/INFO]: Preparing spawn area: 0%
[11:23:16] [Worker-Main-1/INFO]: Preparing spawn area: 0%
[11:23:17] [Worker-Main-3/INFO]: Preparing spawn area: 46%
[11:23:17] [Server thread/INFO]: Time elapsed: 7459 ms
[11:23:17] [Server thread/INFO]: Preparing start region for dimension minecraft:the_end
[11:23:22] [Worker-Main-3/INFO]: Preparing spawn area: 0%
[11:23:22] [Worker-Main-10/INFO]: Preparing spawn area: 0%
[11:23:22] [Worker-Main-1/INFO]: Preparing spawn area: 0%
[11:23:22] [Worker-Main-2/INFO]: Preparing spawn area: 0%
[11:23:22] [Worker-Main-2/INFO]: Preparing spawn area: 0%
[11:23:22] [Worker-Main-1/INFO]: Preparing spawn area: 0%
[11:23:22] [Worker-Main-1/INFO]: Preparing spawn area: 0%
[11:23:22] [Worker-Main-1/INFO]: Preparing spawn area: 0%
[11:23:22] [Worker-Main-2/INFO]: Preparing spawn area: 0%
[11:23:22] [Worker-Main-2/INFO]: Preparing spawn area: 0%
[11:23:22] [Worker-Main-1/INFO]: Preparing spawn area: 0%
[11:23:23] [Worker-Main-8/INFO]: Preparing spawn area: 15%
[11:23:23] [Worker-Main-7/INFO]: Preparing spawn area: 83%
[11:23:24] [Server thread/INFO]: Time elapsed: 6146 ms
[11:23:24] [Server thread/INFO]: [exit_game] Enabling exit_game v1
[11:23:24] [Server thread/INFO]: Exit Game plugin started
[11:23:24] [Server thread/INFO]: Resource pack force enabled!
[11:23:24] [Server thread/INFO]: Server permissions file permissions.yml is empty, ignoring it
[11:23:24] [Server thread/INFO]: Done (28.367s)! For help, type "help"
[11:23:45] [WebSocketConnectReadThread-50/WARN]: java.net.ConnectException: Connection timed out: connect
[11:23:45] [WebSocketConnectReadThread-50/WARN]: 	at java.base/sun.nio.ch.Net.connect0(Native Method)
[11:23:45] [WebSocketConnectReadThread-50/WARN]: 	at java.base/sun.nio.ch.Net.connect(Net.java:579)
[11:23:45] [WebSocketConnectReadThread-50/WARN]: 	at java.base/sun.nio.ch.Net.connect(Net.java:568)
[11:23:45] [WebSocketConnectReadThread-50/WARN]: 	at java.base/sun.nio.ch.NioSocketImpl.connect(NioSocketImpl.java:593)
[11:23:45] [WebSocketConnectReadThread-50/WARN]: 	at java.base/java.net.Socket.connect(Socket.java:633)
[11:23:45] [WebSocketConnectReadThread-50/WARN]: 	at org.java_websocket.client.WebSocketClient.run(WebSocketClient.java:475)
[11:23:45] [WebSocketConnectReadThread-50/WARN]: 	at java.base/java.lang.Thread.run(Thread.java:840)
[11:23:45] [WebSocketConnectReadThread-50/INFO]: Connection closed
[11:24:09] [User Authenticator #1/INFO]: UUID of player Maxjhfr is 143d479a-0d83-4151-8d0f-6024910bdcbc
[11:24:09] [Server thread/INFO]: Maxjhfr joined the game
[11:24:09] [Server thread/INFO]: Maxjhfr[/127.0.0.1:58854] logged in with entity id 105 at ([world]58.373093373332914, 71.0, -15.32166114945654)
[11:24:37] [Server thread/INFO]: Maxjhfr lost connection: Disconnected
[11:24:38] [Server thread/INFO]: Maxjhfr left the game
[11:26:02] [User Authenticator #2/INFO]: UUID of player Maxjhfr is 143d479a-0d83-4151-8d0f-6024910bdcbc
[11:26:02] [Server thread/INFO]: Maxjhfr joined the game
[11:26:02] [Server thread/INFO]: Maxjhfr[/127.0.0.1:58913] logged in with entity id 497 at ([world]204.4193597088688, 98.6885027934594, -89.11272953448297)
[11:26:17] [Server thread/INFO]: Maxjhfr issued server command: /setblock ~ ~100 ~ stone
[11:26:17] [Server thread/INFO]: [Maxjhfr: Changed the block at 204, 209, -90]
[11:26:38] [Server thread/INFO]: WebSocket connection is not open. Cannot send message.
[11:40:38] [Server thread/INFO]: Maxjhfr lost connection: Disconnected
[11:40:38] [Server thread/INFO]: Maxjhfr left the game
[12:02:21] [Server thread/INFO]: Stopping the server
[12:02:21] [Server thread/INFO]: Stopping server
[12:02:21] [Server thread/INFO]: [exit_game] Disabling exit_game v1
[12:02:21] [Server thread/INFO]: Exit Game plugin stopped
[12:02:21] [Server thread/INFO]: Saving players
[12:02:22] [Server thread/INFO]: Saving worlds
[12:02:26] [Server thread/INFO]: Saving chunks for level 'ServerLevel[world]'/minecraft:overworld
[12:02:27] [Server thread/INFO]: Saving chunks for level 'ServerLevel[world_nether]'/minecraft:the_nether
[12:02:27] [Server thread/INFO]: Saving chunks for level 'ServerLevel[world_the_end]'/minecraft:the_end
[12:02:27] [Server thread/INFO]: ThreadedAnvilChunkStorage (world): All chunks are saved
[12:02:27] [Server thread/INFO]: ThreadedAnvilChunkStorage (DIM-1): All chunks are saved
[12:02:27] [Server thread/INFO]: ThreadedAnvilChunkStorage (DIM1): All chunks are saved
[12:02:27] [Server thread/INFO]: ThreadedAnvilChunkStorage: All dimensions are saved
